0 info it worked if it ends with ok
1 verbose cli [ '/usr/local/bin/node', '/usr/local/bin/npm', 'start' ]
2 info using npm@3.10.8
3 info using node@v7.0.0
4 verbose run-script [ 'prestart', 'start', 'poststart' ]
5 info lifecycle walkInService@1.0.0~prestart: walkInService@1.0.0
6 silly lifecycle walkInService@1.0.0~prestart: no script for prestart, continuing
7 info lifecycle walkInService@1.0.0~start: walkInService@1.0.0
8 verbose lifecycle walkInService@1.0.0~start: unsafe-perm in lifecycle true
9 verbose lifecycle walkInService@1.0.0~start: PATH: /usr/local/lib/node_modules/npm/bin/node-gyp-bin:/Users/buckfactor/iss/seneca-learn/permissionService/node_modules/.bin:/usr/local/bin/ffmpeg:/usr/local/bin/gifsicle:/usr/local/sbin/rabbitmq-server:/usr/local/mysql/bin:/usr/local/sbin:/Library/Frameworks/Python.framework/Versions/3.4/bin:/Users/buckfactor/.sdkman/candidates/groovy/current/bin:/usr/local/bin:/usr/bin:/bin:/usr/sbin:/sbin:/usr/local/go/bin:/usr/local/mysql/bin/mysql:/usr/local/sbin:/bin
10 verbose lifecycle walkInService@1.0.0~start: CWD: /Users/buckfactor/iss/seneca-learn/permissionService
11 silly lifecycle walkInService@1.0.0~start: Args: [ '-c', 'node senecaServer.js --seneca.print.tree' ]
12 silly lifecycle walkInService@1.0.0~start: Returned: code: 1  signal: null
13 info lifecycle walkInService@1.0.0~start: Failed to exec start script
14 verbose stack Error: walkInService@1.0.0 start: `node senecaServer.js --seneca.print.tree`
14 verbose stack Exit status 1
14 verbose stack     at EventEmitter.<anonymous> (/usr/local/lib/node_modules/npm/lib/utils/lifecycle.js:255:16)
14 verbose stack     at emitTwo (events.js:106:13)
14 verbose stack     at EventEmitter.emit (events.js:191:7)
14 verbose stack     at ChildProcess.<anonymous> (/usr/local/lib/node_modules/npm/lib/utils/spawn.js:40:14)
14 verbose stack     at emitTwo (events.js:106:13)
14 verbose stack     at ChildProcess.emit (events.js:191:7)
14 verbose stack     at maybeClose (internal/child_process.js:877:16)
14 verbose stack     at Process.ChildProcess._handle.onexit (internal/child_process.js:226:5)
15 verbose pkgid walkInService@1.0.0
16 verbose cwd /Users/buckfactor/iss/seneca-learn/permissionService
17 error Darwin 16.3.0
18 error argv "/usr/local/bin/node" "/usr/local/bin/npm" "start"
19 error node v7.0.0
20 error npm  v3.10.8
21 error code ELIFECYCLE
22 error walkInService@1.0.0 start: `node senecaServer.js --seneca.print.tree`
22 error Exit status 1
23 error Failed at the walkInService@1.0.0 start script 'node senecaServer.js --seneca.print.tree'.
23 error Make sure you have the latest version of node.js and npm installed.
23 error If you do, this is most likely a problem with the walkInService package,
23 error not with npm itself.
23 error Tell the author that this fails on your system:
23 error     node senecaServer.js --seneca.print.tree
23 error You can get information on how to open an issue for this project with:
23 error     npm bugs walkInService
23 error Or if that isn't available, you can get their info via:
23 error     npm owner ls walkInService
23 error There is likely additional logging output above.
24 verbose exit [ 1, true ]
